{"C:\\Users\\umetsas\\Documents\\PersonalProjects\\GitHub\\Scooter-App\\Customer.js": {"path":"C:\\Users\\umetsas\\Documents\\PersonalProjects\\GitHub\\Scooter-App\\Customer.js","statementMap":{"0":{"start":{"line":3,"column":8},"end":{"line":3,"column":25}},"1":{"start":{"line":4,"column":8},"end":{"line":4,"column":23}},"2":{"start":{"line":8,"column":8},"end":{"line":8,"column":20}},"3":{"start":{"line":12,"column":8},"end":{"line":16,"column":9}},"4":{"start":{"line":13,"column":12},"end":{"line":13,"column":45}},"5":{"start":{"line":15,"column":12},"end":{"line":15,"column":58}},"6":{"start":{"line":21,"column":0},"end":{"line":21,"column":26}}},"fnMap":{"0":{"name":"(anonymous_0)","decl":{"start":{"line":2,"column":4},"end":{"line":2,"column":5}},"loc":{"start":{"line":2,"column":27},"end":{"line":5,"column":5}},"line":2},"1":{"name":"(anonymous_1)","decl":{"start":{"line":7,"column":4},"end":{"line":7,"column":5}},"loc":{"start":{"line":7,"column":18},"end":{"line":9,"column":5}},"line":7},"2":{"name":"(anonymous_2)","decl":{"start":{"line":11,"column":4},"end":{"line":11,"column":5}},"loc":{"start":{"line":11,"column":24},"end":{"line":18,"column":5}},"line":11}},"branchMap":{"0":{"loc":{"start":{"line":12,"column":8},"end":{"line":16,"column":9}},"type":"if","locations":[{"start":{"line":12,"column":8},"end":{"line":16,"column":9}},{"start":{"line":12,"column":8},"end":{"line":16,"column":9}}],"line":12}},"s":{"0":2,"1":2,"2":1,"3":2,"4":1,"5":1,"6":2},"f":{"0":2,"1":1,"2":2},"b":{"0":[1,1]},"_coverageSchema":"1a1c01bbd47fc00a2c39e90264f33305004495a9","hash":"5582b8022d7640e53446b16083c7c86fa481e15c"}
,"C:\\Users\\umetsas\\Documents\\PersonalProjects\\GitHub\\Scooter-App\\Scooter.js": {"path":"C:\\Users\\umetsas\\Documents\\PersonalProjects\\GitHub\\Scooter-App\\Scooter.js","statementMap":{"0":{"start":{"line":3,"column":8},"end":{"line":3,"column":35}},"1":{"start":{"line":7,"column":8},"end":{"line":7,"column":39}},"2":{"start":{"line":9,"column":8},"end":{"line":9,"column":64}},"3":{"start":{"line":9,"column":37},"end":{"line":9,"column":62}},"4":{"start":{"line":11,"column":8},"end":{"line":11,"column":39}},"5":{"start":{"line":15,"column":0},"end":{"line":15,"column":25}}},"fnMap":{"0":{"name":"(anonymous_0)","decl":{"start":{"line":2,"column":4},"end":{"line":2,"column":5}},"loc":{"start":{"line":2,"column":27},"end":{"line":4,"column":5}},"line":2},"1":{"name":"(anonymous_1)","decl":{"start":{"line":6,"column":4},"end":{"line":6,"column":5}},"loc":{"start":{"line":6,"column":19},"end":{"line":12,"column":5}},"line":6},"2":{"name":"(anonymous_2)","decl":{"start":{"line":9,"column":26},"end":{"line":9,"column":27}},"loc":{"start":{"line":9,"column":37},"end":{"line":9,"column":62}},"line":9}},"branchMap":{},"s":{"0":1,"1":1,"2":1,"3":1,"4":1,"5":2},"f":{"0":1,"1":1,"2":1},"b":{},"_coverageSchema":"1a1c01bbd47fc00a2c39e90264f33305004495a9","hash":"17d87e700ea17d96c0535fb664d497d03dd2ee5d"}
,"C:\\Users\\umetsas\\Documents\\PersonalProjects\\GitHub\\Scooter-App\\ScooterKiosk.js": {"path":"C:\\Users\\umetsas\\Documents\\PersonalProjects\\GitHub\\Scooter-App\\ScooterKiosk.js","statementMap":{"0":{"start":{"line":1,"column":17},"end":{"line":1,"column":38}},"1":{"start":{"line":2,"column":16},"end":{"line":2,"column":36}},"2":{"start":{"line":6,"column":8},"end":{"line":6,"column":39}},"3":{"start":{"line":7,"column":8},"end":{"line":7,"column":51}},"4":{"start":{"line":11,"column":8},"end":{"line":15,"column":9}},"5":{"start":{"line":12,"column":12},"end":{"line":12,"column":44}},"6":{"start":{"line":14,"column":12},"end":{"line":14,"column":50}},"7":{"start":{"line":19,"column":8},"end":{"line":23,"column":9}},"8":{"start":{"line":20,"column":12},"end":{"line":20,"column":24}},"9":{"start":{"line":22,"column":12},"end":{"line":22,"column":25}},"10":{"start":{"line":27,"column":8},"end":{"line":31,"column":9}},"11":{"start":{"line":28,"column":12},"end":{"line":28,"column":48}},"12":{"start":{"line":30,"column":12},"end":{"line":30,"column":55}},"13":{"start":{"line":35,"column":0},"end":{"line":35,"column":30}}},"fnMap":{"0":{"name":"(anonymous_0)","decl":{"start":{"line":5,"column":4},"end":{"line":5,"column":5}},"loc":{"start":{"line":5,"column":48},"end":{"line":8,"column":5}},"line":5},"1":{"name":"(anonymous_1)","decl":{"start":{"line":10,"column":4},"end":{"line":10,"column":5}},"loc":{"start":{"line":10,"column":18},"end":{"line":16,"column":5}},"line":10},"2":{"name":"(anonymous_2)","decl":{"start":{"line":18,"column":4},"end":{"line":18,"column":5}},"loc":{"start":{"line":18,"column":20},"end":{"line":24,"column":5}},"line":18},"3":{"name":"(anonymous_3)","decl":{"start":{"line":26,"column":4},"end":{"line":26,"column":5}},"loc":{"start":{"line":26,"column":18},"end":{"line":32,"column":5}},"line":26}},"branchMap":{"0":{"loc":{"start":{"line":11,"column":8},"end":{"line":15,"column":9}},"type":"if","locations":[{"start":{"line":11,"column":8},"end":{"line":15,"column":9}},{"start":{"line":11,"column":8},"end":{"line":15,"column":9}}],"line":11},"1":{"loc":{"start":{"line":19,"column":8},"end":{"line":23,"column":9}},"type":"if","locations":[{"start":{"line":19,"column":8},"end":{"line":23,"column":9}},{"start":{"line":19,"column":8},"end":{"line":23,"column":9}}],"line":19},"2":{"loc":{"start":{"line":27,"column":8},"end":{"line":31,"column":9}},"type":"if","locations":[{"start":{"line":27,"column":8},"end":{"line":31,"column":9}},{"start":{"line":27,"column":8},"end":{"line":31,"column":9}}],"line":27}},"s":{"0":1,"1":1,"2":2,"3":2,"4":6,"5":3,"6":3,"7":4,"8":2,"9":2,"10":2,"11":1,"12":1,"13":1},"f":{"0":2,"1":6,"2":4,"3":2},"b":{"0":[3,3],"1":[2,2],"2":[1,1]},"_coverageSchema":"1a1c01bbd47fc00a2c39e90264f33305004495a9","hash":"191da89124e25d8fd445df2150ef0075c8c59a4f"}
}
